2019-06-18 16:40:09 TRACE root:10 - start of program
2019-06-18 16:40:09 INFO  root:18 - 		Welcome to revCars Dealership

2019-06-18 16:40:09 INFO  root:18 - 		 1. Login
2019-06-18 16:40:09 INFO  root:18 - 		 2. Create Account
		 3. Exit System

2019-06-18 16:40:41 TRACE root:10 - start of program
2019-06-18 16:40:41 INFO  root:18 - 		Welcome to revCars Dealership

2019-06-18 16:40:41 INFO  root:18 - 		 1. Login
2019-06-18 16:40:41 INFO  root:18 - 		 2. Create Account
		 3. Exit System

2019-06-18 16:41:40 TRACE root:10 - start of program
2019-06-18 16:41:40 INFO  root:18 - 		Welcome to revCars Dealership

2019-06-18 16:41:40 INFO  root:18 - 		 1. Login
2019-06-18 16:41:40 INFO  root:18 - 		 2. Create Account
		 3. Exit System

2019-06-18 16:51:44 DEBUG root:14 - Before autocommit
2019-06-18 16:51:44 DEBUG root:14 - Before execute
2019-06-18 16:51:44 DEBUG root:14 - After execute
2019-06-18 20:48:41 DEBUG root:14 - Before autocommit
2019-06-18 20:48:41 DEBUG root:14 - Before execute
2019-06-18 20:48:41 DEBUG root:14 - After execute
2019-06-19 09:39:18 TRACE root:10 - start of program
2019-06-19 09:39:18 INFO  root:18 - 		Welcome to revCars Dealership

2019-06-19 09:39:18 INFO  root:18 - 		 1. Login
2019-06-19 09:39:18 INFO  root:18 - 		 2. Create Account
		 3. Exit System

2019-06-19 09:39:31 INFO  root:18 - Customer(C) or Employee(E)
2019-06-19 09:39:33 INFO  root:18 - Enter Username: 
2019-06-19 09:39:34 INFO  root:18 - Enter Password: 
2019-06-19 09:39:38 INFO  root:18 - 		 Employee Menu
		 1. View Lot Information
		 2. Add Car to Lot
		 3. Remove Car from Lot
		 4. Accept offer for a Car
		 5. Reject offer for a Car
		 6. View Payments for Customers
		 7. Logout
2019-06-19 09:39:40 INFO  root:18 - Employee viewing Lot.
2019-06-19 09:39:40 INFO  root:18 - 		 Employee Menu
		 1. View Lot Information
		 2. Add Car to Lot
		 3. Remove Car from Lot
		 4. Accept offer for a Car
		 5. Reject offer for a Car
		 6. View Payments for Customers
		 7. Logout
2019-06-19 09:39:47 INFO  root:18 - Removing car from Lot
2019-06-19 09:39:47 INFO  root:18 - Enter the car you want to remove
2019-06-19 09:39:50 DEBUG root:14 - Before autocommit
2019-06-19 09:39:50 DEBUG root:14 - Before execute
2019-06-19 09:39:50 DEBUG root:14 - After execute
2019-06-19 09:39:50 INFO  root:18 - 		 Employee Menu
		 1. View Lot Information
		 2. Add Car to Lot
		 3. Remove Car from Lot
		 4. Accept offer for a Car
		 5. Reject offer for a Car
		 6. View Payments for Customers
		 7. Logout
2019-06-19 09:39:53 INFO  root:18 - Removing car from Lot
2019-06-19 09:39:53 INFO  root:18 - Enter the car you want to remove
2019-06-19 09:39:54 DEBUG root:14 - Before autocommit
2019-06-19 09:39:54 DEBUG root:14 - Before execute
2019-06-19 09:39:54 DEBUG root:14 - After execute
2019-06-19 09:39:54 INFO  root:18 - 		 Employee Menu
		 1. View Lot Information
		 2. Add Car to Lot
		 3. Remove Car from Lot
		 4. Accept offer for a Car
		 5. Reject offer for a Car
		 6. View Payments for Customers
		 7. Logout
2019-06-19 09:40:02 TRACE root:10 - start of program
2019-06-19 09:40:02 INFO  root:18 - 		Welcome to revCars Dealership

2019-06-19 09:40:02 INFO  root:18 - 		 1. Login
2019-06-19 09:40:02 INFO  root:18 - 		 2. Create Account
		 3. Exit System

2019-06-19 09:49:33 TRACE root:10 - start of program
2019-06-19 09:49:33 INFO  root:18 - 		Welcome to revCars Dealership

2019-06-19 09:49:33 INFO  root:18 - 		 1. Login
2019-06-19 09:49:33 INFO  root:18 - 		 2. Create Account
		 3. Exit System

2019-06-19 09:49:36 INFO  root:18 - Customer(C) or Employee(E)
2019-06-19 09:49:37 INFO  root:18 - Enter Username: 
2019-06-19 09:49:39 INFO  root:18 - Enter Password: 
2019-06-19 09:49:52 INFO  root:18 - Customer viewing the Lot
2019-06-19 09:49:52 INFO  root:18 - would you like to make an offer on a car
2019-06-19 09:49:54 INFO  root:18 - What car would like to make a offer on?
2019-06-19 09:50:07 INFO  root:18 - Enter your offer: 
2019-06-19 09:50:12 TRACE root:10 - start of program
2019-06-19 09:50:12 INFO  root:18 - 		Welcome to revCars Dealership

2019-06-19 09:50:12 INFO  root:18 - 		 1. Login
2019-06-19 09:50:12 INFO  root:18 - 		 2. Create Account
		 3. Exit System

2019-06-19 09:50:15 INFO  root:18 - Customer(C) or Employee(E)
2019-06-19 09:51:02 INFO  root:18 - Enter Username: 
2019-06-19 09:51:04 INFO  root:18 - Enter Password: 
2019-06-19 09:51:08 INFO  root:18 - 		 Employee Menu
		 1. View Lot Information
		 2. Add Car to Lot
		 3. Remove Car from Lot
		 4. Accept offer for a Car
		 5. Reject offer for a Car
		 6. View Payments for Customers
		 7. Logout
2019-06-19 09:51:13 INFO  root:18 - Rejecting an offer
2019-06-19 09:51:13 INFO  root:18 - Enter the carid you want to work with: 
2019-06-19 09:51:17 INFO  root:18 - Enter the customer id of the offer you want to reject: 
2019-06-19 09:51:21 INFO  root:18 - 		 Employee Menu
		 1. View Lot Information
		 2. Add Car to Lot
		 3. Remove Car from Lot
		 4. Accept offer for a Car
		 5. Reject offer for a Car
		 6. View Payments for Customers
		 7. Logout
2019-06-19 09:51:29 INFO  root:18 - Accepting offer
2019-06-19 09:51:29 INFO  root:18 - Enter the carid you want to work with: 
2019-06-19 09:51:31 INFO  root:18 - Enter the customer id of the offer you want to accept: 
2019-06-19 09:59:57 TRACE root:10 - start of program
2019-06-19 09:59:57 INFO  root:18 - 		Welcome to revCars Dealership

2019-06-19 09:59:57 INFO  root:18 - 		 1. Login
2019-06-19 09:59:57 INFO  root:18 - 		 2. Create Account
		 3. Exit System

2019-06-19 10:00:04 INFO  root:18 - Customer(C) or Employee(E)
2019-06-19 10:00:05 INFO  root:18 - Enter Username: 
2019-06-19 10:00:08 INFO  root:18 - Enter Password: 
2019-06-19 10:00:11 INFO  root:18 - Employee Account created
2019-06-19 10:00:12 DEBUG root:14 - IN TRY!!!!!!
2019-06-19 10:00:12 DEBUG root:14 - after statement
2019-06-19 10:00:12 DEBUG root:14 - after part1
2019-06-19 10:00:12 DEBUG root:14 - after part2
2019-06-19 10:00:12 DEBUG root:14 - Before autocommit
2019-06-19 10:00:12 DEBUG root:14 - Before execute
2019-06-19 10:00:12 DEBUG root:14 - After execute
2019-06-19 10:00:16 INFO  root:18 - 		 Employee Menu
		 1. View Lot Information
		 2. Add Car to Lot
		 3. Remove Car from Lot
		 4. Accept offer for a Car
		 5. Reject offer for a Car
		 6. View Payments for Customers
		 7. Logout
2019-06-19 10:00:21 INFO  root:18 - Employee viewing Lot.
2019-06-19 10:00:21 INFO  root:18 - 		 Employee Menu
		 1. View Lot Information
		 2. Add Car to Lot
		 3. Remove Car from Lot
		 4. Accept offer for a Car
		 5. Reject offer for a Car
		 6. View Payments for Customers
		 7. Logout
2019-06-19 10:00:27 TRACE root:10 - start of program
2019-06-19 10:00:27 INFO  root:18 - 		Welcome to revCars Dealership

2019-06-19 10:00:27 INFO  root:18 - 		 1. Login
2019-06-19 10:00:27 INFO  root:18 - 		 2. Create Account
		 3. Exit System

2019-06-19 10:00:29 INFO  root:18 - Customer(C) or Employee(E)
2019-06-19 10:00:30 INFO  root:18 - Enter Username: 
2019-06-19 10:00:33 INFO  root:18 - Enter Password: 
2019-06-19 10:00:38 INFO  root:18 - 		 Employee Menu
		 1. View Lot Information
		 2. Add Car to Lot
		 3. Remove Car from Lot
		 4. Accept offer for a Car
		 5. Reject offer for a Car
		 6. View Payments for Customers
		 7. Logout
2019-06-19 10:00:50 TRACE root:10 - start of program
2019-06-19 10:00:50 INFO  root:18 - 		Welcome to revCars Dealership

2019-06-19 10:00:50 INFO  root:18 - 		 1. Login
2019-06-19 10:00:50 INFO  root:18 - 		 2. Create Account
		 3. Exit System

2019-06-19 10:18:44 TRACE root:10 - start of program
2019-06-19 10:18:44 INFO  root:18 - 		Welcome to revCars Dealership

2019-06-19 10:18:44 INFO  root:18 - 		 1. Login
2019-06-19 10:18:44 INFO  root:18 - 		 2. Create Account
		 3. Exit System

2019-06-19 10:18:59 INFO  root:18 - Customer(C) or Employee(E)
2019-06-19 10:19:00 INFO  root:18 - Enter Username: 
2019-06-19 10:19:05 INFO  root:18 - Enter Password: 
2019-06-19 10:19:08 INFO  root:18 - Customer Account created
2019-06-19 10:19:09 DEBUG root:14 - IN TRY!!!!!!
2019-06-19 10:19:09 DEBUG root:14 - after statement
2019-06-19 10:19:09 DEBUG root:14 - after part1
2019-06-19 10:19:09 DEBUG root:14 - after part2
2019-06-19 10:19:09 DEBUG root:14 - Before autocommit
2019-06-19 10:19:09 DEBUG root:14 - Before execute
2019-06-19 10:19:09 DEBUG root:14 - After execute
2019-06-19 10:19:17 INFO  root:18 - Customer viewing the Lot
2019-06-19 10:19:17 INFO  root:18 - would you like to make an offer on a car
2019-06-19 10:19:24 TRACE root:10 - start of program
2019-06-19 10:19:24 INFO  root:18 - 		Welcome to revCars Dealership

2019-06-19 10:19:24 INFO  root:18 - 		 1. Login
2019-06-19 10:19:24 INFO  root:18 - 		 2. Create Account
		 3. Exit System

2019-06-19 10:24:53 TRACE root:10 - start of program
2019-06-19 10:24:53 INFO  root:18 - 		Welcome to SmartCars Dealership

2019-06-19 10:24:53 INFO  root:18 - 		 1. Login
2019-06-19 10:24:53 INFO  root:18 - 		 2. Create Account
		 3. Exit System

2019-06-19 10:24:58 INFO  root:18 - Customer(C) or Employee(E)
2019-06-19 10:25:04 INFO  root:18 - Enter Username: 
2019-06-19 10:25:08 INFO  root:18 - Enter Password: 
2019-06-19 10:25:16 INFO  root:18 - Customer viewing the Lot
2019-06-19 10:26:06 TRACE root:10 - start of program
2019-06-19 10:26:06 INFO  root:18 - 		Welcome to SmartCars Dealership

2019-06-19 10:26:06 INFO  root:18 - 		 1. Login
2019-06-19 10:26:06 INFO  root:18 - 		 2. Create Account
		 3. Exit System

2019-06-19 10:26:08 INFO  root:18 - Customer(C) or Employee(E)
2019-06-19 10:26:09 INFO  root:18 - Enter Username: 
2019-06-19 10:26:12 INFO  root:18 - Enter Password: 
2019-06-19 10:26:22 TRACE root:10 - start of program
2019-06-19 10:26:22 INFO  root:18 - 		Welcome to SmartCars Dealership

2019-06-19 10:26:22 INFO  root:18 - 		 1. Login
2019-06-19 10:26:22 INFO  root:18 - 		 2. Create Account
		 3. Exit System

2019-06-19 10:28:02 TRACE root:10 - start of program
2019-06-19 10:28:02 INFO  root:18 - 		Welcome to SmartCars Dealership

2019-06-19 10:28:02 INFO  root:18 - 		 1. Login
2019-06-19 10:28:02 INFO  root:18 - 		 2. Create Account
		 3. Exit System

2019-06-19 10:28:03 INFO  root:18 - Customer(C) or Employee(E)
2019-06-19 10:28:05 INFO  root:18 - Enter Username: 
2019-06-19 10:28:11 INFO  root:18 - Enter Password: 
2019-06-19 10:28:22 INFO  root:18 - Customer viewing the Lot
2019-06-19 10:28:33 INFO  root:18 - Customer viewing Their SmartCars.
2019-06-19 10:28:40 TRACE root:10 - start of program
2019-06-19 10:28:40 INFO  root:18 - 		Welcome to SmartCars Dealership

2019-06-19 10:28:40 INFO  root:18 - 		 1. Login
2019-06-19 10:28:40 INFO  root:18 - 		 2. Create Account
		 3. Exit System

2019-06-19 10:31:53 TRACE root:10 - start of program
2019-06-19 10:31:53 INFO  root:18 - 		Welcome to SmartCars Dealership

2019-06-19 10:31:53 INFO  root:18 - 		 1. Login
2019-06-19 10:31:53 INFO  root:18 - 		 2. Create Account
		 3. Exit System

2019-06-19 10:31:54 INFO  root:18 - Customer(C) or Employee(E)
2019-06-19 10:31:56 INFO  root:18 - Enter Username: 
2019-06-19 10:31:59 INFO  root:18 - Enter Password: 
2019-06-19 10:32:15 TRACE root:10 - start of program
2019-06-19 10:32:15 INFO  root:18 - 		Welcome to SmartCars Dealership

2019-06-19 10:32:15 INFO  root:18 - 		 1. Login
2019-06-19 10:32:15 INFO  root:18 - 		 2. Create Account
		 3. Exit System

2019-06-19 10:58:54 TRACE root:10 - start of program
2019-06-19 10:58:54 INFO  root:18 - 		Welcome to SmartCars Dealership

2019-06-19 10:58:54 INFO  root:18 - 		 1. Login
2019-06-19 10:58:54 INFO  root:18 - 		 2. Create Account
		 3. Exit System

2019-06-19 11:35:05 TRACE root:10 - start of program
2019-06-19 11:35:05 INFO  root:18 - 		Welcome to SmartCars Dealership

2019-06-19 11:35:05 INFO  root:18 - 		 1. Login
2019-06-19 11:35:05 INFO  root:18 - 		 2. Create Account
		 3. Exit System

2019-06-19 11:35:20 INFO  root:18 - Customer(C) or Employee(E)
2019-06-19 11:35:21 INFO  root:18 - Enter Username: 
2019-06-19 11:35:25 INFO  root:18 - Enter Password: 
2019-06-19 11:35:30 INFO  root:18 - 		 Employee Menu
		 1. View Lot Information
		 2. Add Car to Lot
		 3. Remove Car from Lot
		 4. Accept offer for a Car
		 5. Reject offer for a Car
		 6. View Payments for Customers
		 7. Logout
2019-06-19 11:35:37 INFO  root:18 - Employee viewing Lot.
2019-06-19 11:35:37 INFO  root:18 - 		 Employee Menu
		 1. View Lot Information
		 2. Add Car to Lot
		 3. Remove Car from Lot
		 4. Accept offer for a Car
		 5. Reject offer for a Car
		 6. View Payments for Customers
		 7. Logout
2019-06-19 11:35:44 INFO  root:18 - Adding car to Lot
2019-06-19 11:35:44 INFO  root:18 - Enter the car you want to add
2019-06-19 11:35:52 INFO  root:18 - 		 Employee Menu
		 1. View Lot Information
		 2. Add Car to Lot
		 3. Remove Car from Lot
		 4. Accept offer for a Car
		 5. Reject offer for a Car
		 6. View Payments for Customers
		 7. Logout
2019-06-19 11:35:58 INFO  root:18 - Employee viewing Lot.
2019-06-19 11:35:58 INFO  root:18 - 		 Employee Menu
		 1. View Lot Information
		 2. Add Car to Lot
		 3. Remove Car from Lot
		 4. Accept offer for a Car
		 5. Reject offer for a Car
		 6. View Payments for Customers
		 7. Logout
2019-06-19 11:36:03 INFO  root:18 - Adding car to Lot
2019-06-19 11:36:03 INFO  root:18 - Enter the car you want to add
2019-06-19 11:36:09 INFO  root:18 - 		 Employee Menu
		 1. View Lot Information
		 2. Add Car to Lot
		 3. Remove Car from Lot
		 4. Accept offer for a Car
		 5. Reject offer for a Car
		 6. View Payments for Customers
		 7. Logout
2019-06-19 11:36:27 TRACE root:10 - start of program
2019-06-19 11:36:27 INFO  root:18 - 		Welcome to SmartCars Dealership

2019-06-19 11:36:27 INFO  root:18 - 		 1. Login
2019-06-19 11:36:27 INFO  root:18 - 		 2. Create Account
		 3. Exit System

2019-06-19 11:36:29 INFO  root:18 - Customer(C) or Employee(E)
2019-06-19 11:36:31 INFO  root:18 - Enter Username: 
2019-06-19 11:36:36 INFO  root:18 - Enter Password: 
2019-06-19 11:36:47 INFO  root:18 - Customer viewing the Lot
2019-06-19 11:37:01 TRACE root:10 - start of program
2019-06-19 11:37:01 INFO  root:18 - 		Welcome to SmartCars Dealership

2019-06-19 11:37:01 INFO  root:18 - 		 1. Login
2019-06-19 11:37:01 INFO  root:18 - 		 2. Create Account
		 3. Exit System

2019-06-19 11:45:28 TRACE root:10 - start of program
2019-06-19 11:45:28 INFO  root:18 - 		Welcome to SmartCars Dealership

2019-06-19 11:45:28 INFO  root:18 - 		 1. Login
2019-06-19 11:45:28 INFO  root:18 - 		 2. Create Account
		 3. Exit System

2019-06-19 11:45:41 INFO  root:18 - Customer(C) or Employee(E)
2019-06-19 11:45:43 INFO  root:18 - Enter Username: 
2019-06-19 11:45:47 INFO  root:18 - Enter Password: 
2019-06-19 11:45:51 INFO  root:18 - 		 Employee Menu
		 1. View Lot Information
		 2. Add Car to Lot
		 3. Remove Car from Lot
		 4. Accept offer for a Car
		 5. Reject offer for a Car
		 6. View Payments for Customers
		 7. Logout
2019-06-19 11:45:55 INFO  root:18 - Adding car to Lot
2019-06-19 11:45:55 INFO  root:18 - Enter the car you want to add
2019-06-19 11:46:03 INFO  root:18 - 		 Employee Menu
		 1. View Lot Information
		 2. Add Car to Lot
		 3. Remove Car from Lot
		 4. Accept offer for a Car
		 5. Reject offer for a Car
		 6. View Payments for Customers
		 7. Logout
2019-06-19 11:46:18 INFO  root:18 - Removing SmartCar from Lot
2019-06-19 11:46:18 INFO  root:18 - Enter the SmartCar you want to remove
2019-06-19 11:46:24 DEBUG root:14 - Before autocommit
2019-06-19 11:46:24 DEBUG root:14 - Before execute
2019-06-19 11:46:24 DEBUG root:14 - After execute
2019-06-19 11:46:24 INFO  root:18 - 		 Employee Menu
		 1. View Lot Information
		 2. Add Car to Lot
		 3. Remove Car from Lot
		 4. Accept offer for a Car
		 5. Reject offer for a Car
		 6. View Payments for Customers
		 7. Logout
2019-06-19 11:46:27 TRACE root:10 - start of program
2019-06-19 11:46:27 INFO  root:18 - 		Welcome to SmartCars Dealership

2019-06-19 11:46:27 INFO  root:18 - 		 1. Login
2019-06-19 11:46:27 INFO  root:18 - 		 2. Create Account
		 3. Exit System

2019-06-19 11:46:55 TRACE root:10 - start of program
2019-06-19 11:46:55 INFO  root:18 - 		Welcome to SmartCars Dealership

2019-06-19 11:46:55 INFO  root:18 - 		 1. Login
2019-06-19 11:46:55 INFO  root:18 - 		 2. Create Account
		 3. Exit System

2019-06-19 11:47:06 INFO  root:18 - Customer(C) or Employee(E)
2019-06-19 11:47:07 INFO  root:18 - Enter Username: 
2019-06-19 11:47:11 INFO  root:18 - Enter Password: 
2019-06-19 11:47:16 INFO  root:18 - 		 Employee Menu
		 1. View Lot Information
		 2. Add Car to Lot
		 3. Remove Car from Lot
		 4. Accept offer for a Car
		 5. Reject offer for a Car
		 6. View Payments for Customers
		 7. Logout
2019-06-19 11:47:17 INFO  root:18 - Employee viewing Lot.
2019-06-19 11:47:17 INFO  root:18 - 		 Employee Menu
		 1. View Lot Information
		 2. Add Car to Lot
		 3. Remove Car from Lot
		 4. Accept offer for a Car
		 5. Reject offer for a Car
		 6. View Payments for Customers
		 7. Logout
2019-06-19 11:47:24 TRACE root:10 - start of program
2019-06-19 11:47:24 INFO  root:18 - 		Welcome to SmartCars Dealership

2019-06-19 11:47:24 INFO  root:18 - 		 1. Login
2019-06-19 11:47:24 INFO  root:18 - 		 2. Create Account
		 3. Exit System

